{"C:\\DEV\\Alexa\\git\\skill-lilasoft-toolkit\\dist\\src\\Handlers\\index.js":{"path":"C:\\DEV\\Alexa\\git\\skill-lilasoft-toolkit\\dist\\src\\Handlers\\index.js","s":{"1":1,"2":1,"3":1,"4":1,"5":1},"b":{},"f":{},"fnMap":{},"statementMap":{"1":{"start":{"line":2,"column":0},"end":{"line":2,"column":62}},"2":{"start":{"line":3,"column":0},"end":{"line":3,"column":57}},"3":{"start":{"line":4,"column":0},"end":{"line":4,"column":55}},"4":{"start":{"line":5,"column":0},"end":{"line":5,"column":61}},"5":{"start":{"line":6,"column":0},"end":{"line":6,"column":58}}},"branchMap":{}},"C:\\DEV\\Alexa\\git\\skill-lilasoft-toolkit\\dist\\src\\Handlers\\LilaIntentHander.js":{"path":"C:\\DEV\\Alexa\\git\\skill-lilasoft-toolkit\\dist\\src\\Handlers\\LilaIntentHander.js","s":{"1":1,"2":0,"3":1,"4":0,"5":0,"6":0,"7":1,"8":0,"9":0,"10":0,"11":1,"12":0,"13":0,"14":0,"15":1,"16":1,"17":0,"18":0,"19":0,"20":0,"21":0,"22":0,"23":0,"24":0,"25":0,"26":0,"27":0,"28":0,"29":0,"30":0,"31":1},"b":{"1":[1,1,1],"2":[0,0],"3":[0,0],"4":[0,0],"5":[0,0]},"f":{"1":0,"2":0,"3":0,"4":0,"5":0,"6":0,"7":0,"8":0,"9":0,"10":0},"fnMap":{"1":{"name":"(anonymous_1)","line":2,"loc":{"start":{"line":2,"column":44},"end":{"line":2,"column":89}}},"2":{"name":"(anonymous_2)","line":3,"loc":{"start":{"line":3,"column":36},"end":{"line":3,"column":63}}},"3":{"name":"fulfilled","line":4,"loc":{"start":{"line":4,"column":8},"end":{"line":4,"column":34}}},"4":{"name":"rejected","line":5,"loc":{"start":{"line":5,"column":8},"end":{"line":5,"column":33}}},"5":{"name":"step","line":6,"loc":{"start":{"line":6,"column":8},"end":{"line":6,"column":30}}},"6":{"name":"(anonymous_6)","line":6,"loc":{"start":{"line":6,"column":76},"end":{"line":6,"column":95}}},"7":{"name":"(anonymous_7)","line":13,"loc":{"start":{"line":13,"column":15},"end":{"line":13,"column":57}}},"8":{"name":"(anonymous_8)","line":21,"loc":{"start":{"line":21,"column":13},"end":{"line":21,"column":28}}},"9":{"name":"(anonymous_9)","line":28,"loc":{"start":{"line":28,"column":10},"end":{"line":28,"column":25}}},"10":{"name":"(anonymous_10)","line":29,"loc":{"start":{"line":29,"column":47},"end":{"line":29,"column":60}}}},"statementMap":{"1":{"start":{"line":2,"column":0},"end":{"line":9,"column":2}},"2":{"start":{"line":3,"column":4},"end":{"line":8,"column":7}},"3":{"start":{"line":4,"column":8},"end":{"line":4,"column":99}},"4":{"start":{"line":4,"column":36},"end":{"line":4,"column":97}},"5":{"start":{"line":4,"column":42},"end":{"line":4,"column":70}},"6":{"start":{"line":4,"column":85},"end":{"line":4,"column":95}},"7":{"start":{"line":5,"column":8},"end":{"line":5,"column":102}},"8":{"start":{"line":5,"column":35},"end":{"line":5,"column":100}},"9":{"start":{"line":5,"column":41},"end":{"line":5,"column":73}},"10":{"start":{"line":5,"column":88},"end":{"line":5,"column":98}},"11":{"start":{"line":6,"column":8},"end":{"line":6,"column":151}},"12":{"start":{"line":6,"column":32},"end":{"line":6,"column":149}},"13":{"start":{"line":6,"column":97},"end":{"line":6,"column":119}},"14":{"start":{"line":7,"column":8},"end":{"line":7,"column":78}},"15":{"start":{"line":10,"column":0},"end":{"line":10,"column":62}},"16":{"start":{"line":11,"column":0},"end":{"line":11,"column":40}},"17":{"start":{"line":14,"column":8},"end":{"line":14,"column":53}},"18":{"start":{"line":15,"column":8},"end":{"line":15,"column":33}},"19":{"start":{"line":16,"column":8},"end":{"line":16,"column":35}},"20":{"start":{"line":17,"column":8},"end":{"line":17,"column":61}},"21":{"start":{"line":18,"column":8},"end":{"line":18,"column":61}},"22":{"start":{"line":19,"column":8},"end":{"line":19,"column":61}},"23":{"start":{"line":22,"column":8},"end":{"line":24,"column":9}},"24":{"start":{"line":23,"column":12},"end":{"line":23,"column":24}},"25":{"start":{"line":25,"column":8},"end":{"line":25,"column":102}},"26":{"start":{"line":29,"column":8},"end":{"line":34,"column":11}},"27":{"start":{"line":30,"column":12},"end":{"line":30,"column":62}},"28":{"start":{"line":31,"column":12},"end":{"line":31,"column":80}},"29":{"start":{"line":32,"column":12},"end":{"line":32,"column":82}},"30":{"start":{"line":33,"column":12},"end":{"line":33,"column":90}},"31":{"start":{"line":37,"column":0},"end":{"line":37,"column":36}}},"branchMap":{"1":{"line":2,"type":"binary-expr","locations":[{"start":{"line":2,"column":17},"end":{"line":2,"column":21}},{"start":{"line":2,"column":25},"end":{"line":2,"column":39}},{"start":{"line":2,"column":44},"end":{"line":9,"column":1}}]},"2":{"line":3,"type":"binary-expr","locations":[{"start":{"line":3,"column":16},"end":{"line":3,"column":17}},{"start":{"line":3,"column":22},"end":{"line":3,"column":33}}]},"3":{"line":6,"type":"cond-expr","locations":[{"start":{"line":6,"column":46},"end":{"line":6,"column":67}},{"start":{"line":6,"column":70},"end":{"line":6,"column":148}}]},"4":{"line":7,"type":"binary-expr","locations":[{"start":{"line":7,"column":51},"end":{"line":7,"column":61}},{"start":{"line":7,"column":65},"end":{"line":7,"column":67}}]},"5":{"line":22,"type":"if","locations":[{"start":{"line":22,"column":8},"end":{"line":22,"column":8}},{"start":{"line":22,"column":8},"end":{"line":22,"column":8}}]}}},"C:\\DEV\\Alexa\\git\\skill-lilasoft-toolkit\\dist\\src\\Helpers\\index.js":{"path":"C:\\DEV\\Alexa\\git\\skill-lilasoft-toolkit\\dist\\src\\Helpers\\index.js","s":{"1":1,"2":1,"3":1,"4":1,"5":1,"6":1,"7":1},"b":{},"f":{},"fnMap":{},"statementMap":{"1":{"start":{"line":2,"column":0},"end":{"line":2,"column":62}},"2":{"start":{"line":3,"column":0},"end":{"line":3,"column":53}},"3":{"start":{"line":4,"column":0},"end":{"line":4,"column":50}},"4":{"start":{"line":5,"column":0},"end":{"line":5,"column":53}},"5":{"start":{"line":6,"column":0},"end":{"line":6,"column":50}},"6":{"start":{"line":7,"column":0},"end":{"line":7,"column":53}},"7":{"start":{"line":8,"column":0},"end":{"line":8,"column":50}}},"branchMap":{}},"C:\\DEV\\Alexa\\git\\skill-lilasoft-toolkit\\dist\\src\\Helpers\\SpeakersHelper.js":{"path":"C:\\DEV\\Alexa\\git\\skill-lilasoft-toolkit\\dist\\src\\Helpers\\SpeakersHelper.js","s":{"1":1,"2":0,"3":1,"4":0,"5":0,"6":0,"7":1,"8":0,"9":0,"10":0,"11":1,"12":0,"13":0,"14":0,"15":1,"16":0,"17":0,"18":0,"19":0,"20":0,"21":0,"22":0,"23":0,"24":0,"25":0,"26":0,"27":0,"28":0,"29":0,"30":0,"31":0,"32":0,"33":0,"34":0,"35":0,"36":0,"37":1},"b":{"1":[1,1,1],"2":[0,0],"3":[0,0],"4":[0,0],"5":[0,0],"6":[0,0],"7":[0,0],"8":[0,0]},"f":{"1":0,"2":0,"3":0,"4":0,"5":0,"6":0,"7":0,"8":0,"9":0,"10":0,"11":0,"12":0,"13":0,"14":0,"15":0,"16":0,"17":0,"18":0,"19":0,"20":0},"fnMap":{"1":{"name":"(anonymous_1)","line":2,"loc":{"start":{"line":2,"column":44},"end":{"line":2,"column":89}}},"2":{"name":"(anonymous_2)","line":3,"loc":{"start":{"line":3,"column":36},"end":{"line":3,"column":63}}},"3":{"name":"fulfilled","line":4,"loc":{"start":{"line":4,"column":8},"end":{"line":4,"column":34}}},"4":{"name":"rejected","line":5,"loc":{"start":{"line":5,"column":8},"end":{"line":5,"column":33}}},"5":{"name":"step","line":6,"loc":{"start":{"line":6,"column":8},"end":{"line":6,"column":30}}},"6":{"name":"(anonymous_6)","line":6,"loc":{"start":{"line":6,"column":76},"end":{"line":6,"column":95}}},"7":{"name":"(anonymous_7)","line":12,"loc":{"start":{"line":12,"column":17},"end":{"line":12,"column":75}}},"8":{"name":"(anonymous_8)","line":13,"loc":{"start":{"line":13,"column":47},"end":{"line":13,"column":60}}},"9":{"name":"(anonymous_9)","line":25,"loc":{"start":{"line":25,"column":9},"end":{"line":25,"column":33}}},"10":{"name":"(anonymous_10)","line":26,"loc":{"start":{"line":26,"column":47},"end":{"line":26,"column":60}}},"11":{"name":"(anonymous_11)","line":31,"loc":{"start":{"line":31,"column":21},"end":{"line":31,"column":55}}},"12":{"name":"(anonymous_12)","line":32,"loc":{"start":{"line":32,"column":47},"end":{"line":32,"column":60}}},"13":{"name":"(anonymous_13)","line":37,"loc":{"start":{"line":37,"column":23},"end":{"line":37,"column":58}}},"14":{"name":"(anonymous_14)","line":38,"loc":{"start":{"line":38,"column":47},"end":{"line":38,"column":60}}},"15":{"name":"(anonymous_15)","line":43,"loc":{"start":{"line":43,"column":37},"end":{"line":43,"column":85}}},"16":{"name":"(anonymous_16)","line":44,"loc":{"start":{"line":44,"column":47},"end":{"line":44,"column":60}}},"17":{"name":"(anonymous_17)","line":49,"loc":{"start":{"line":49,"column":34},"end":{"line":49,"column":79}}},"18":{"name":"(anonymous_18)","line":50,"loc":{"start":{"line":50,"column":47},"end":{"line":50,"column":60}}},"19":{"name":"(anonymous_19)","line":55,"loc":{"start":{"line":55,"column":48},"end":{"line":55,"column":106}}},"20":{"name":"(anonymous_20)","line":56,"loc":{"start":{"line":56,"column":47},"end":{"line":56,"column":60}}}},"statementMap":{"1":{"start":{"line":2,"column":0},"end":{"line":9,"column":2}},"2":{"start":{"line":3,"column":4},"end":{"line":8,"column":7}},"3":{"start":{"line":4,"column":8},"end":{"line":4,"column":99}},"4":{"start":{"line":4,"column":36},"end":{"line":4,"column":97}},"5":{"start":{"line":4,"column":42},"end":{"line":4,"column":70}},"6":{"start":{"line":4,"column":85},"end":{"line":4,"column":95}},"7":{"start":{"line":5,"column":8},"end":{"line":5,"column":102}},"8":{"start":{"line":5,"column":35},"end":{"line":5,"column":100}},"9":{"start":{"line":5,"column":41},"end":{"line":5,"column":73}},"10":{"start":{"line":5,"column":88},"end":{"line":5,"column":98}},"11":{"start":{"line":6,"column":8},"end":{"line":6,"column":151}},"12":{"start":{"line":6,"column":32},"end":{"line":6,"column":149}},"13":{"start":{"line":6,"column":97},"end":{"line":6,"column":119}},"14":{"start":{"line":7,"column":8},"end":{"line":7,"column":78}},"15":{"start":{"line":10,"column":0},"end":{"line":10,"column":62}},"16":{"start":{"line":13,"column":8},"end":{"line":22,"column":11}},"17":{"start":{"line":14,"column":12},"end":{"line":14,"column":63}},"18":{"start":{"line":15,"column":12},"end":{"line":16,"column":65}},"19":{"start":{"line":16,"column":16},"end":{"line":16,"column":65}},"20":{"start":{"line":17,"column":12},"end":{"line":18,"column":69}},"21":{"start":{"line":18,"column":16},"end":{"line":18,"column":69}},"22":{"start":{"line":19,"column":12},"end":{"line":20,"column":89}},"23":{"start":{"line":20,"column":16},"end":{"line":20,"column":89}},"24":{"start":{"line":21,"column":12},"end":{"line":21,"column":49}},"25":{"start":{"line":26,"column":8},"end":{"line":28,"column":11}},"26":{"start":{"line":27,"column":12},"end":{"line":27,"column":79}},"27":{"start":{"line":32,"column":8},"end":{"line":34,"column":11}},"28":{"start":{"line":33,"column":12},"end":{"line":33,"column":83}},"29":{"start":{"line":38,"column":8},"end":{"line":40,"column":11}},"30":{"start":{"line":39,"column":12},"end":{"line":39,"column":87}},"31":{"start":{"line":44,"column":8},"end":{"line":46,"column":11}},"32":{"start":{"line":45,"column":12},"end":{"line":45,"column":91}},"33":{"start":{"line":50,"column":8},"end":{"line":52,"column":11}},"34":{"start":{"line":51,"column":12},"end":{"line":51,"column":91}},"35":{"start":{"line":56,"column":8},"end":{"line":58,"column":11}},"36":{"start":{"line":57,"column":12},"end":{"line":57,"column":95}},"37":{"start":{"line":62,"column":0},"end":{"line":62,"column":33}}},"branchMap":{"1":{"line":2,"type":"binary-expr","locations":[{"start":{"line":2,"column":17},"end":{"line":2,"column":21}},{"start":{"line":2,"column":25},"end":{"line":2,"column":39}},{"start":{"line":2,"column":44},"end":{"line":9,"column":1}}]},"2":{"line":3,"type":"binary-expr","locations":[{"start":{"line":3,"column":16},"end":{"line":3,"column":17}},{"start":{"line":3,"column":22},"end":{"line":3,"column":33}}]},"3":{"line":6,"type":"cond-expr","locations":[{"start":{"line":6,"column":46},"end":{"line":6,"column":67}},{"start":{"line":6,"column":70},"end":{"line":6,"column":148}}]},"4":{"line":7,"type":"binary-expr","locations":[{"start":{"line":7,"column":51},"end":{"line":7,"column":61}},{"start":{"line":7,"column":65},"end":{"line":7,"column":67}}]},"5":{"line":15,"type":"if","locations":[{"start":{"line":15,"column":12},"end":{"line":15,"column":12}},{"start":{"line":15,"column":12},"end":{"line":15,"column":12}}]},"6":{"line":17,"type":"if","locations":[{"start":{"line":17,"column":12},"end":{"line":17,"column":12}},{"start":{"line":17,"column":12},"end":{"line":17,"column":12}}]},"7":{"line":19,"type":"if","locations":[{"start":{"line":19,"column":12},"end":{"line":19,"column":12}},{"start":{"line":19,"column":12},"end":{"line":19,"column":12}}]},"8":{"line":19,"type":"binary-expr","locations":[{"start":{"line":19,"column":16},"end":{"line":19,"column":26}},{"start":{"line":19,"column":30},"end":{"line":19,"column":42}}]}}},"C:\\DEV\\Alexa\\git\\skill-lilasoft-toolkit\\dist\\src\\Helpers\\HandlersHelper.js":{"path":"C:\\DEV\\Alexa\\git\\skill-lilasoft-toolkit\\dist\\src\\Helpers\\HandlersHelper.js","s":{"1":1,"2":0,"3":0,"4":0,"5":0,"6":0,"7":1},"b":{"1":[0,0]},"f":{"1":0,"2":0},"fnMap":{"1":{"name":"(anonymous_1)","line":4,"loc":{"start":{"line":4,"column":20},"end":{"line":4,"column":52}}},"2":{"name":"(anonymous_2)","line":8,"loc":{"start":{"line":8,"column":31},"end":{"line":8,"column":63}}}},"statementMap":{"1":{"start":{"line":2,"column":0},"end":{"line":2,"column":62}},"2":{"start":{"line":5,"column":8},"end":{"line":5,"column":77}},"3":{"start":{"line":9,"column":8},"end":{"line":11,"column":9}},"4":{"start":{"line":10,"column":12},"end":{"line":10,"column":25}},"5":{"start":{"line":12,"column":8},"end":{"line":12,"column":83}},"6":{"start":{"line":13,"column":8},"end":{"line":13,"column":63}},"7":{"start":{"line":17,"column":0},"end":{"line":17,"column":33}}},"branchMap":{"1":{"line":9,"type":"if","locations":[{"start":{"line":9,"column":8},"end":{"line":9,"column":8}},{"start":{"line":9,"column":8},"end":{"line":9,"column":8}}]}}},"C:\\DEV\\Alexa\\git\\skill-lilasoft-toolkit\\dist\\src\\Helpers\\MessagesHelper.js":{"path":"C:\\DEV\\Alexa\\git\\skill-lilasoft-toolkit\\dist\\src\\Helpers\\MessagesHelper.js","s":{"1":1,"2":1,"3":0,"4":0,"5":0,"6":0,"7":0,"8":1},"b":{},"f":{"1":0,"2":0},"fnMap":{"1":{"name":"(anonymous_1)","line":5,"loc":{"start":{"line":5,"column":20},"end":{"line":5,"column":31}}},"2":{"name":"(anonymous_2)","line":11,"loc":{"start":{"line":11,"column":33},"end":{"line":11,"column":55}}}},"statementMap":{"1":{"start":{"line":2,"column":0},"end":{"line":2,"column":62}},"2":{"start":{"line":3,"column":0},"end":{"line":3,"column":49}},"3":{"start":{"line":6,"column":8},"end":{"line":6,"column":18}},"4":{"start":{"line":7,"column":8},"end":{"line":7,"column":56}},"5":{"start":{"line":8,"column":8},"end":{"line":8,"column":29}},"6":{"start":{"line":12,"column":8},"end":{"line":12,"column":54}},"7":{"start":{"line":13,"column":8},"end":{"line":13,"column":58}},"8":{"start":{"line":16,"column":0},"end":{"line":16,"column":33}}},"branchMap":{}},"C:\\DEV\\Alexa\\git\\skill-lilasoft-toolkit\\dist\\src\\Handlers\\LilaRequestHandler.js":{"path":"C:\\DEV\\Alexa\\git\\skill-lilasoft-toolkit\\dist\\src\\Handlers\\LilaRequestHandler.js","s":{"1":1,"2":3,"3":1,"4":0,"5":0,"6":0,"7":1,"8":0,"9":0,"10":0,"11":1,"12":3,"13":0,"14":3,"15":1,"16":1,"17":8,"18":8,"19":8,"20":8,"21":8,"22":8,"23":2,"24":1,"25":1,"26":3,"27":3,"28":3,"29":3,"30":1},"b":{"1":[1,1,1],"2":[3,3],"3":[3,0],"4":[3,3],"5":[1,7],"6":[3,5],"7":[3,5],"8":[1,1]},"f":{"1":3,"2":3,"3":0,"4":0,"5":3,"6":0,"7":8,"8":2,"9":3,"10":3},"fnMap":{"1":{"name":"(anonymous_1)","line":2,"loc":{"start":{"line":2,"column":44},"end":{"line":2,"column":89}}},"2":{"name":"(anonymous_2)","line":3,"loc":{"start":{"line":3,"column":36},"end":{"line":3,"column":63}}},"3":{"name":"fulfilled","line":4,"loc":{"start":{"line":4,"column":8},"end":{"line":4,"column":34}}},"4":{"name":"rejected","line":5,"loc":{"start":{"line":5,"column":8},"end":{"line":5,"column":33}}},"5":{"name":"step","line":6,"loc":{"start":{"line":6,"column":8},"end":{"line":6,"column":30}}},"6":{"name":"(anonymous_6)","line":6,"loc":{"start":{"line":6,"column":76},"end":{"line":6,"column":95}}},"7":{"name":"(anonymous_7)","line":13,"loc":{"start":{"line":13,"column":15},"end":{"line":13,"column":98}}},"8":{"name":"(anonymous_8)","line":21,"loc":{"start":{"line":21,"column":13},"end":{"line":21,"column":28}}},"9":{"name":"(anonymous_9)","line":28,"loc":{"start":{"line":28,"column":10},"end":{"line":28,"column":25}}},"10":{"name":"(anonymous_10)","line":29,"loc":{"start":{"line":29,"column":47},"end":{"line":29,"column":60}}}},"statementMap":{"1":{"start":{"line":2,"column":0},"end":{"line":9,"column":2}},"2":{"start":{"line":3,"column":4},"end":{"line":8,"column":7}},"3":{"start":{"line":4,"column":8},"end":{"line":4,"column":99}},"4":{"start":{"line":4,"column":36},"end":{"line":4,"column":97}},"5":{"start":{"line":4,"column":42},"end":{"line":4,"column":70}},"6":{"start":{"line":4,"column":85},"end":{"line":4,"column":95}},"7":{"start":{"line":5,"column":8},"end":{"line":5,"column":102}},"8":{"start":{"line":5,"column":35},"end":{"line":5,"column":100}},"9":{"start":{"line":5,"column":41},"end":{"line":5,"column":73}},"10":{"start":{"line":5,"column":88},"end":{"line":5,"column":98}},"11":{"start":{"line":6,"column":8},"end":{"line":6,"column":151}},"12":{"start":{"line":6,"column":32},"end":{"line":6,"column":149}},"13":{"start":{"line":6,"column":97},"end":{"line":6,"column":119}},"14":{"start":{"line":7,"column":8},"end":{"line":7,"column":78}},"15":{"start":{"line":10,"column":0},"end":{"line":10,"column":62}},"16":{"start":{"line":11,"column":0},"end":{"line":11,"column":40}},"17":{"start":{"line":14,"column":8},"end":{"line":14,"column":39}},"18":{"start":{"line":15,"column":8},"end":{"line":15,"column":33}},"19":{"start":{"line":16,"column":8},"end":{"line":16,"column":35}},"20":{"start":{"line":17,"column":8},"end":{"line":17,"column":97}},"21":{"start":{"line":18,"column":8},"end":{"line":18,"column":97}},"22":{"start":{"line":19,"column":8},"end":{"line":19,"column":97}},"23":{"start":{"line":22,"column":8},"end":{"line":24,"column":9}},"24":{"start":{"line":23,"column":12},"end":{"line":23,"column":24}},"25":{"start":{"line":25,"column":8},"end":{"line":25,"column":84}},"26":{"start":{"line":29,"column":8},"end":{"line":33,"column":11}},"27":{"start":{"line":30,"column":12},"end":{"line":30,"column":80}},"28":{"start":{"line":31,"column":12},"end":{"line":31,"column":82}},"29":{"start":{"line":32,"column":12},"end":{"line":32,"column":90}},"30":{"start":{"line":36,"column":0},"end":{"line":36,"column":37}}},"branchMap":{"1":{"line":2,"type":"binary-expr","locations":[{"start":{"line":2,"column":17},"end":{"line":2,"column":21}},{"start":{"line":2,"column":25},"end":{"line":2,"column":39}},{"start":{"line":2,"column":44},"end":{"line":9,"column":1}}]},"2":{"line":3,"type":"binary-expr","locations":[{"start":{"line":3,"column":16},"end":{"line":3,"column":17}},{"start":{"line":3,"column":22},"end":{"line":3,"column":33}}]},"3":{"line":6,"type":"cond-expr","locations":[{"start":{"line":6,"column":46},"end":{"line":6,"column":67}},{"start":{"line":6,"column":70},"end":{"line":6,"column":148}}]},"4":{"line":7,"type":"binary-expr","locations":[{"start":{"line":7,"column":51},"end":{"line":7,"column":61}},{"start":{"line":7,"column":65},"end":{"line":7,"column":67}}]},"5":{"line":17,"type":"cond-expr","locations":[{"start":{"line":17,"column":49},"end":{"line":17,"column":63}},{"start":{"line":17,"column":66},"end":{"line":17,"column":96}}]},"6":{"line":18,"type":"cond-expr","locations":[{"start":{"line":18,"column":49},"end":{"line":18,"column":63}},{"start":{"line":18,"column":66},"end":{"line":18,"column":96}}]},"7":{"line":19,"type":"cond-expr","locations":[{"start":{"line":19,"column":49},"end":{"line":19,"column":63}},{"start":{"line":19,"column":66},"end":{"line":19,"column":96}}]},"8":{"line":22,"type":"if","locations":[{"start":{"line":22,"column":8},"end":{"line":22,"column":8}},{"start":{"line":22,"column":8},"end":{"line":22,"column":8}}]}}},"C:\\DEV\\Alexa\\git\\skill-lilasoft-toolkit\\dist\\src\\Intents.js":{"path":"C:\\DEV\\Alexa\\git\\skill-lilasoft-toolkit\\dist\\src\\Intents.js","s":{"1":1,"2":1,"3":1,"4":1,"5":1},"b":{},"f":{},"fnMap":{},"statementMap":{"1":{"start":{"line":2,"column":0},"end":{"line":2,"column":62}},"2":{"start":{"line":3,"column":0},"end":{"line":3,"column":42}},"3":{"start":{"line":4,"column":0},"end":{"line":4,"column":46}},"4":{"start":{"line":5,"column":0},"end":{"line":5,"column":42}},"5":{"start":{"line":6,"column":0},"end":{"line":6,"column":33}}},"branchMap":{}}}