TN:
SF:C:\DEV\Alexa\git\skill-lilasoft-toolkit\src\Intents.ts
FNF:0
FNH:0
DA:3,1
DA:4,1
DA:5,1
DA:6,1
LF:4
LH:4
BRF:0
BRH:0
end_of_record
TN:
SF:C:\DEV\Alexa\git\skill-lilasoft-toolkit\src\Requests.ts
FNF:0
FNH:0
DA:3,1
DA:4,1
DA:5,1
LF:3
LH:3
BRF:0
BRH:0
end_of_record
TN:
SF:C:\DEV\Alexa\git\skill-lilasoft-toolkit\src\index.ts
FNF:0
FNH:0
DA:1,1
DA:2,1
DA:3,1
DA:4,1
LF:4
LH:4
BRF:0
BRH:0
end_of_record
TN:
SF:C:\DEV\Alexa\git\skill-lilasoft-toolkit\src\Handlers\LilaIntentHandler.ts
FN:13,(anonymous_6)
FN:22,(anonymous_7)
FN:30,(anonymous_8)
FNF:3
FNH:3
FNDA:8,(anonymous_6)
FNDA:2,(anonymous_7)
FNDA:3,(anonymous_8)
DA:1,1
DA:5,1
DA:14,8
DA:15,8
DA:16,8
DA:17,8
DA:18,8
DA:19,8
DA:23,2
DA:24,1
DA:27,1
DA:31,3
DA:32,3
DA:33,3
LF:14
LH:14
BRDA:17,0,0,1
BRDA:17,0,1,7
BRDA:18,1,0,3
BRDA:18,1,1,5
BRDA:19,2,0,3
BRDA:19,2,1,5
BRDA:23,3,0,1
BRDA:23,3,1,1
BRF:8
BRH:8
end_of_record
TN:
SF:C:\DEV\Alexa\git\skill-lilasoft-toolkit\src\Handlers\LilaRequestHandler.ts
FN:13,(anonymous_6)
FN:22,(anonymous_7)
FN:30,(anonymous_8)
FNF:3
FNH:3
FNDA:8,(anonymous_6)
FNDA:2,(anonymous_7)
FNDA:3,(anonymous_8)
DA:1,1
DA:5,1
DA:14,8
DA:15,8
DA:16,8
DA:17,8
DA:18,8
DA:19,8
DA:23,2
DA:24,1
DA:27,1
DA:31,3
DA:32,3
DA:34,3
LF:14
LH:14
BRDA:17,0,0,1
BRDA:17,0,1,7
BRDA:18,1,0,3
BRDA:18,1,1,5
BRDA:19,2,0,3
BRDA:19,2,1,5
BRDA:23,3,0,1
BRDA:23,3,1,1
BRF:8
BRH:8
end_of_record
TN:
SF:C:\DEV\Alexa\git\skill-lilasoft-toolkit\src\Handlers\index.ts
FNF:0
FNH:0
DA:1,1
DA:2,1
DA:5,1
LF:3
LH:3
BRF:0
BRH:0
end_of_record
TN:
SF:C:\DEV\Alexa\git\skill-lilasoft-toolkit\src\Helpers\HandlersHelper.ts
FN:6,(anonymous_0)
FN:10,(anonymous_1)
FNF:2
FNH:2
FNDA:2,(anonymous_0)
FNDA:3,(anonymous_1)
DA:3,1
DA:5,1
DA:7,2
DA:11,3
DA:12,1
DA:15,1
DA:16,1
LF:7
LH:7
BRDA:11,0,0,1
BRDA:11,0,1,1
BRF:2
BRH:2
end_of_record
TN:
SF:C:\DEV\Alexa\git\skill-lilasoft-toolkit\src\Helpers\MessagesHelper.ts
FN:4,(anonymous_0)
FNF:1
FNH:1
FNDA:1,(anonymous_0)
DA:1,1
DA:3,1
DA:5,1
DA:6,1
DA:7,1
LF:5
LH:5
BRF:0
BRH:0
end_of_record
TN:
SF:C:\DEV\Alexa\git\skill-lilasoft-toolkit\src\Helpers\SpeakersHelper.ts
FN:5,(anonymous_6)
FNF:1
FNH:1
FNDA:4,(anonymous_6)
DA:4,1
DA:7,4
DA:9,4
DA:10,4
DA:11,4
DA:12,4
LF:6
LH:6
BRDA:9,0,0,3
BRDA:9,0,1,1
BRDA:10,1,0,2
BRDA:10,1,1,2
BRDA:11,2,0,1
BRDA:11,2,1,3
BRDA:11,3,0,4
BRDA:11,3,1,1
BRF:8
BRH:8
end_of_record
TN:
SF:C:\DEV\Alexa\git\skill-lilasoft-toolkit\src\Helpers\index.ts
FNF:0
FNH:0
DA:1,1
DA:2,1
DA:3,1
DA:6,1
DA:7,1
DA:8,1
LF:6
LH:6
BRF:0
BRH:0
end_of_record
