TN:
SF:C:\DEV\Alexa\git\skill-lilasoft-toolkit\dist\src\Handlers\index.js
FNF:0
FNH:0
DA:2,1
DA:3,1
DA:4,1
DA:5,1
DA:6,1
LF:5
LH:5
BRF:0
BRH:0
end_of_record
TN:
SF:C:\DEV\Alexa\git\skill-lilasoft-toolkit\dist\src\Handlers\LilaIntentHander.js
FN:2,(anonymous_1)
FN:3,(anonymous_2)
FN:4,fulfilled
FN:5,rejected
FN:6,step
FN:6,(anonymous_6)
FN:13,(anonymous_7)
FN:21,(anonymous_8)
FN:28,(anonymous_9)
FN:29,(anonymous_10)
FNF:10
FNH:0
FNDA:0,(anonymous_1)
FNDA:0,(anonymous_2)
FNDA:0,fulfilled
FNDA:0,rejected
FNDA:0,step
FNDA:0,(anonymous_6)
FNDA:0,(anonymous_7)
FNDA:0,(anonymous_8)
FNDA:0,(anonymous_9)
FNDA:0,(anonymous_10)
DA:2,1
DA:3,0
DA:4,1
DA:5,1
DA:6,1
DA:7,0
DA:10,1
DA:11,1
DA:14,0
DA:15,0
DA:16,0
DA:17,0
DA:18,0
DA:19,0
DA:22,0
DA:23,0
DA:25,0
DA:29,0
DA:30,0
DA:31,0
DA:32,0
DA:33,0
DA:37,1
LF:23
LH:7
BRDA:2,1,0,1
BRDA:2,1,1,1
BRDA:2,1,2,1
BRDA:3,2,0,0
BRDA:3,2,1,0
BRDA:6,3,0,0
BRDA:6,3,1,0
BRDA:7,4,0,0
BRDA:7,4,1,0
BRDA:22,5,0,0
BRDA:22,5,1,0
BRF:11
BRH:3
end_of_record
TN:
SF:C:\DEV\Alexa\git\skill-lilasoft-toolkit\dist\src\Helpers\index.js
FNF:0
FNH:0
DA:2,1
DA:3,1
DA:4,1
DA:5,1
DA:6,1
DA:7,1
DA:8,1
LF:7
LH:7
BRF:0
BRH:0
end_of_record
TN:
SF:C:\DEV\Alexa\git\skill-lilasoft-toolkit\dist\src\Helpers\SpeakersHelper.js
FN:2,(anonymous_1)
FN:3,(anonymous_2)
FN:4,fulfilled
FN:5,rejected
FN:6,step
FN:6,(anonymous_6)
FN:12,(anonymous_7)
FN:13,(anonymous_8)
FN:25,(anonymous_9)
FN:26,(anonymous_10)
FN:31,(anonymous_11)
FN:32,(anonymous_12)
FN:37,(anonymous_13)
FN:38,(anonymous_14)
FN:43,(anonymous_15)
FN:44,(anonymous_16)
FN:49,(anonymous_17)
FN:50,(anonymous_18)
FN:55,(anonymous_19)
FN:56,(anonymous_20)
FNF:20
FNH:0
FNDA:0,(anonymous_1)
FNDA:0,(anonymous_2)
FNDA:0,fulfilled
FNDA:0,rejected
FNDA:0,step
FNDA:0,(anonymous_6)
FNDA:0,(anonymous_7)
FNDA:0,(anonymous_8)
FNDA:0,(anonymous_9)
FNDA:0,(anonymous_10)
FNDA:0,(anonymous_11)
FNDA:0,(anonymous_12)
FNDA:0,(anonymous_13)
FNDA:0,(anonymous_14)
FNDA:0,(anonymous_15)
FNDA:0,(anonymous_16)
FNDA:0,(anonymous_17)
FNDA:0,(anonymous_18)
FNDA:0,(anonymous_19)
FNDA:0,(anonymous_20)
DA:2,1
DA:3,0
DA:4,1
DA:5,1
DA:6,1
DA:7,0
DA:10,1
DA:13,0
DA:14,0
DA:15,0
DA:16,0
DA:17,0
DA:18,0
DA:19,0
DA:20,0
DA:21,0
DA:26,0
DA:27,0
DA:32,0
DA:33,0
DA:38,0
DA:39,0
DA:44,0
DA:45,0
DA:50,0
DA:51,0
DA:56,0
DA:57,0
DA:62,1
LF:29
LH:6
BRDA:2,1,0,1
BRDA:2,1,1,1
BRDA:2,1,2,1
BRDA:3,2,0,0
BRDA:3,2,1,0
BRDA:6,3,0,0
BRDA:6,3,1,0
BRDA:7,4,0,0
BRDA:7,4,1,0
BRDA:15,5,0,0
BRDA:15,5,1,0
BRDA:17,6,0,0
BRDA:17,6,1,0
BRDA:19,7,0,0
BRDA:19,7,1,0
BRDA:19,8,0,0
BRDA:19,8,1,0
BRF:17
BRH:3
end_of_record
TN:
SF:C:\DEV\Alexa\git\skill-lilasoft-toolkit\dist\src\Helpers\HandlersHelper.js
FN:4,(anonymous_1)
FN:8,(anonymous_2)
FNF:2
FNH:0
FNDA:0,(anonymous_1)
FNDA:0,(anonymous_2)
DA:2,1
DA:5,0
DA:9,0
DA:10,0
DA:12,0
DA:13,0
DA:17,1
LF:7
LH:2
BRDA:9,1,0,0
BRDA:9,1,1,0
BRF:2
BRH:0
end_of_record
TN:
SF:C:\DEV\Alexa\git\skill-lilasoft-toolkit\dist\src\Helpers\MessagesHelper.js
FN:5,(anonymous_1)
FN:11,(anonymous_2)
FNF:2
FNH:0
FNDA:0,(anonymous_1)
FNDA:0,(anonymous_2)
DA:2,1
DA:3,1
DA:6,0
DA:7,0
DA:8,0
DA:12,0
DA:13,0
DA:16,1
LF:8
LH:3
BRF:0
BRH:0
end_of_record
TN:
SF:C:\DEV\Alexa\git\skill-lilasoft-toolkit\dist\src\Handlers\LilaRequestHandler.js
FN:2,(anonymous_1)
FN:3,(anonymous_2)
FN:4,fulfilled
FN:5,rejected
FN:6,step
FN:6,(anonymous_6)
FN:13,(anonymous_7)
FN:21,(anonymous_8)
FN:28,(anonymous_9)
FN:29,(anonymous_10)
FNF:10
FNH:7
FNDA:3,(anonymous_1)
FNDA:3,(anonymous_2)
FNDA:0,fulfilled
FNDA:0,rejected
FNDA:3,step
FNDA:0,(anonymous_6)
FNDA:8,(anonymous_7)
FNDA:2,(anonymous_8)
FNDA:3,(anonymous_9)
FNDA:3,(anonymous_10)
DA:2,1
DA:3,3
DA:4,1
DA:5,1
DA:6,3
DA:7,3
DA:10,1
DA:11,1
DA:14,8
DA:15,8
DA:16,8
DA:17,8
DA:18,8
DA:19,8
DA:22,2
DA:23,1
DA:25,1
DA:29,3
DA:30,3
DA:31,3
DA:32,3
DA:36,1
LF:22
LH:22
BRDA:2,1,0,1
BRDA:2,1,1,1
BRDA:2,1,2,1
BRDA:3,2,0,3
BRDA:3,2,1,3
BRDA:6,3,0,3
BRDA:6,3,1,0
BRDA:7,4,0,3
BRDA:7,4,1,3
BRDA:17,5,0,1
BRDA:17,5,1,7
BRDA:18,6,0,3
BRDA:18,6,1,5
BRDA:19,7,0,3
BRDA:19,7,1,5
BRDA:22,8,0,1
BRDA:22,8,1,1
BRF:17
BRH:16
end_of_record
TN:
SF:C:\DEV\Alexa\git\skill-lilasoft-toolkit\dist\src\Intents.js
FNF:0
FNH:0
DA:2,1
DA:3,1
DA:4,1
DA:5,1
DA:6,1
LF:5
LH:5
BRF:0
BRH:0
end_of_record
